This is pdfTeX, Version 3.14159265-2.6-1.40.18 (TeX Live 2017/Debian) (preloaded format=pdflatex 2018.10.22)  3 JUL 2019 15:12
entering extended mode
 restricted \write18 enabled.
 %&-line parsing enabled.
**P3_FRG_REPORT.tex
(./P3_FRG_REPORT.tex
LaTeX2e <2017-04-15>
Babel <3.18> and hyphenation patterns for 3 language(s) loaded.
(/usr/share/texlive/texmf-dist/tex/latex/base/article.cls
Document Class: article 2014/09/29 v1.4h Standard LaTeX document class
(/usr/share/texlive/texmf-dist/tex/latex/base/size12.clo
File: size12.clo 2014/09/29 v1.4h Standard LaTeX file (size option)
)
\c@part=\count79
\c@section=\count80
\c@subsection=\count81
\c@subsubsection=\count82
\c@paragraph=\count83
\c@subparagraph=\count84
\c@figure=\count85
\c@table=\count86
\abovecaptionskip=\skip41
\belowcaptionskip=\skip42
\bibindent=\dimen102
)
(/usr/share/texlive/texmf-dist/tex/latex/geometry/geometry.sty
Package: geometry 2010/09/12 v5.6 Page Geometry

(/usr/share/texlive/texmf-dist/tex/latex/graphics/keyval.sty
Package: keyval 2014/10/28 v1.15 key=value parser (DPC)
\KV@toks@=\toks14
)
(/usr/share/texlive/texmf-dist/tex/generic/oberdiek/ifpdf.sty
Package: ifpdf 2017/03/15 v3.2 Provides the ifpdf switch
)
(/usr/share/texlive/texmf-dist/tex/generic/oberdiek/ifvtex.sty
Package: ifvtex 2016/05/16 v1.6 Detect VTeX and its facilities (HO)
Package ifvtex Info: VTeX not detected.
)
(/usr/share/texlive/texmf-dist/tex/generic/ifxetex/ifxetex.sty
Package: ifxetex 2010/09/12 v0.6 Provides ifxetex conditional
)
\Gm@cnth=\count87
\Gm@cntv=\count88
\c@Gm@tempcnt=\count89
\Gm@bindingoffset=\dimen103
\Gm@wd@mp=\dimen104
\Gm@odd@mp=\dimen105
\Gm@even@mp=\dimen106
\Gm@layoutwidth=\dimen107
\Gm@layoutheight=\dimen108
\Gm@layouthoffset=\dimen109
\Gm@layoutvoffset=\dimen110
\Gm@dimlist=\toks15
)
(/usr/share/texlive/texmf-dist/tex/latex/graphics/graphicx.sty
Package: graphicx 2017/06/01 v1.1a Enhanced LaTeX Graphics (DPC,SPQR)

(/usr/share/texlive/texmf-dist/tex/latex/graphics/graphics.sty
Package: graphics 2017/06/25 v1.2c Standard LaTeX Graphics (DPC,SPQR)

(/usr/share/texlive/texmf-dist/tex/latex/graphics/trig.sty
Package: trig 2016/01/03 v1.10 sin cos tan (DPC)
)
(/usr/share/texlive/texmf-dist/tex/latex/graphics-cfg/graphics.cfg
File: graphics.cfg 2016/06/04 v1.11 sample graphics configuration
)
Package graphics Info: Driver file: pdftex.def on input line 99.

(/usr/share/texlive/texmf-dist/tex/latex/graphics-def/pdftex.def
File: pdftex.def 2018/01/08 v1.0l Graphics/color driver for pdftex
))
\Gin@req@height=\dimen111
\Gin@req@width=\dimen112
)
(/usr/share/texlive/texmf-dist/tex/latex/url/url.sty
\Urlmuskip=\muskip10
Package: url 2013/09/16  ver 3.4  Verb mode for urls, etc.
)
(/usr/share/texlive/texmf-dist/tex/latex/cite/chapterbib.sty
\c@inputfile=\count90
Package: chapterbib 2010/09/18  v 1.17
)
(/usr/share/texlive/texmf-dist/tex/latex/hyperref/hyperref.sty
Package: hyperref 2018/02/06 v6.86b Hypertext links for LaTeX

(/usr/share/texlive/texmf-dist/tex/generic/oberdiek/hobsub-hyperref.sty
Package: hobsub-hyperref 2016/05/16 v1.14 Bundle oberdiek, subset hyperref (HO)


(/usr/share/texlive/texmf-dist/tex/generic/oberdiek/hobsub-generic.sty
Package: hobsub-generic 2016/05/16 v1.14 Bundle oberdiek, subset generic (HO)
Package: hobsub 2016/05/16 v1.14 Construct package bundles (HO)
Package: infwarerr 2016/05/16 v1.4 Providing info/warning/error messages (HO)
Package: ltxcmds 2016/05/16 v1.23 LaTeX kernel commands for general use (HO)
Package: ifluatex 2016/05/16 v1.4 Provides the ifluatex switch (HO)
Package ifluatex Info: LuaTeX not detected.
Package hobsub Info: Skipping package `ifvtex' (already loaded).
Package: intcalc 2016/05/16 v1.2 Expandable calculations with integers (HO)
Package hobsub Info: Skipping package `ifpdf' (already loaded).
Package: etexcmds 2016/05/16 v1.6 Avoid name clashes with e-TeX commands (HO)
Package etexcmds Info: Could not find \expanded.
(etexcmds)             That can mean that you are not using pdfTeX 1.50 or
(etexcmds)             that some package has redefined \expanded.
(etexcmds)             In the latter case, load this package earlier.
Package: kvsetkeys 2016/05/16 v1.17 Key value parser (HO)
Package: kvdefinekeys 2016/05/16 v1.4 Define keys (HO)
Package: pdftexcmds 2018/01/21 v0.26 Utility functions of pdfTeX for LuaTeX (HO
)
Package pdftexcmds Info: LuaTeX not detected.
Package pdftexcmds Info: \pdf@primitive is available.
Package pdftexcmds Info: \pdf@ifprimitive is available.
Package pdftexcmds Info: \pdfdraftmode found.
Package: pdfescape 2016/05/16 v1.14 Implements pdfTeX's escape features (HO)
Package: bigintcalc 2016/05/16 v1.4 Expandable calculations on big integers (HO
)
Package: bitset 2016/05/16 v1.2 Handle bit-vector datatype (HO)
Package: uniquecounter 2016/05/16 v1.3 Provide unlimited unique counter (HO)
)
Package hobsub Info: Skipping package `hobsub' (already loaded).
Package: letltxmacro 2016/05/16 v1.5 Let assignment for LaTeX macros (HO)
Package: hopatch 2016/05/16 v1.3 Wrapper for package hooks (HO)
Package: xcolor-patch 2016/05/16 xcolor patch
Package: atveryend 2016/05/16 v1.9 Hooks at the very end of document (HO)
Package atveryend Info: \enddocument detected (standard20110627).
Package: atbegshi 2016/06/09 v1.18 At begin shipout hook (HO)
Package: refcount 2016/05/16 v3.5 Data extraction from label references (HO)
Package: hycolor 2016/05/16 v1.8 Color options for hyperref/bookmark (HO)
)
(/usr/share/texlive/texmf-dist/tex/latex/oberdiek/auxhook.sty
Package: auxhook 2016/05/16 v1.4 Hooks for auxiliary files (HO)
)
(/usr/share/texlive/texmf-dist/tex/latex/oberdiek/kvoptions.sty
Package: kvoptions 2016/05/16 v3.12 Key value format for package options (HO)
)
\@linkdim=\dimen113
\Hy@linkcounter=\count91
\Hy@pagecounter=\count92

(/usr/share/texlive/texmf-dist/tex/latex/hyperref/pd1enc.def
File: pd1enc.def 2018/02/06 v6.86b Hyperref: PDFDocEncoding definition (HO)
)
\Hy@SavedSpaceFactor=\count93

(/usr/share/texlive/texmf-dist/tex/latex/latexconfig/hyperref.cfg
File: hyperref.cfg 2002/06/06 v1.2 hyperref configuration of TeXLive
)
Package hyperref Info: Hyper figures OFF on input line 4509.
Package hyperref Info: Link nesting OFF on input line 4514.
Package hyperref Info: Hyper index ON on input line 4517.
Package hyperref Info: Plain pages OFF on input line 4524.
Package hyperref Info: Backreferencing OFF on input line 4529.
Package hyperref Info: Implicit mode ON; LaTeX internals redefined.
Package hyperref Info: Bookmarks ON on input line 4762.
\c@Hy@tempcnt=\count94
LaTeX Info: Redefining \url on input line 5115.
\XeTeXLinkMargin=\dimen114
\Fld@menulength=\count95
\Field@Width=\dimen115
\Fld@charsize=\dimen116
Package hyperref Info: Hyper figures OFF on input line 6369.
Package hyperref Info: Link nesting OFF on input line 6374.
Package hyperref Info: Hyper index ON on input line 6377.
Package hyperref Info: backreferencing OFF on input line 6384.
Package hyperref Info: Link coloring OFF on input line 6389.
Package hyperref Info: Link coloring with OCG OFF on input line 6394.
Package hyperref Info: PDF/A mode OFF on input line 6399.
LaTeX Info: Redefining \ref on input line 6439.
LaTeX Info: Redefining \pageref on input line 6443.
\Hy@abspage=\count96
\c@Item=\count97
\c@Hfootnote=\count98
)
Package hyperref Info: Driver (autodetected): hpdftex.

(/usr/share/texlive/texmf-dist/tex/latex/hyperref/hpdftex.def
File: hpdftex.def 2018/02/06 v6.86b Hyperref driver for pdfTeX
\Fld@listcount=\count99
\c@bookmark@seq@number=\count100

(/usr/share/texlive/texmf-dist/tex/latex/oberdiek/rerunfilecheck.sty
Package: rerunfilecheck 2016/05/16 v1.8 Rerun checks for auxiliary files (HO)
Package uniquecounter Info: New unique counter `rerunfilecheck' on input line 2
82.
)
\Hy@SectionHShift=\skip43
)
(/usr/share/texlive/texmf-dist/tex/latex/graphics/lscape.sty
Package: lscape 2000/10/22 v3.01 Landscape Pages (DPC)
)
(/usr/share/texlive/texmf-dist/tex/latex/tools/longtable.sty
Package: longtable 2014/10/28 v4.11 Multi-page Table package (DPC)
\LTleft=\skip44
\LTright=\skip45
\LTpre=\skip46
\LTpost=\skip47
\LTchunksize=\count101
\LTcapwidth=\dimen117
\LT@head=\box26
\LT@firsthead=\box27
\LT@foot=\box28
\LT@lastfoot=\box29
\LT@cols=\count102
\LT@rows=\count103
\c@LT@tables=\count104
\c@LT@chunks=\count105
\LT@p@ftn=\toks16
)
(/usr/share/texlive/texmf-dist/tex/latex/float/float.sty
Package: float 2001/11/08 v1.3d Float enhancements (AL)
\c@float@type=\count106
\float@exts=\toks17
\float@box=\box30
\@float@everytoks=\toks18
\@floatcapt=\box31
)
(/usr/share/texlive/texmf-dist/tex/latex/tools/multicol.sty
Package: multicol 2017/04/11 v1.8q multicolumn formatting (FMi)
\c@tracingmulticols=\count107
\mult@box=\box32
\multicol@leftmargin=\dimen118
\c@unbalance=\count108
\c@collectmore=\count109
\doublecol@number=\count110
\multicoltolerance=\count111
\multicolpretolerance=\count112
\full@width=\dimen119
\page@free=\dimen120
\premulticols=\dimen121
\postmulticols=\dimen122
\multicolsep=\skip48
\multicolbaselineskip=\skip49
\partial@page=\box33
\last@line=\box34
\maxbalancingoverflow=\dimen123
\mult@rightbox=\box35
\mult@grightbox=\box36
\mult@gfirstbox=\box37
\mult@firstbox=\box38
\@tempa=\box39
\@tempa=\box40
\@tempa=\box41
\@tempa=\box42
\@tempa=\box43
\@tempa=\box44
\@tempa=\box45
\@tempa=\box46
\@tempa=\box47
\@tempa=\box48
\@tempa=\box49
\@tempa=\box50
\@tempa=\box51
\@tempa=\box52
\@tempa=\box53
\@tempa=\box54
\@tempa=\box55
\c@columnbadness=\count113
\c@finalcolumnbadness=\count114
\last@try=\dimen124
\multicolovershoot=\dimen125
\multicolundershoot=\dimen126
\mult@nat@firstbox=\box56
\colbreak@box=\box57
\mc@col@check@num=\count115
)
(/usr/share/texlive/texmf-dist/tex/latex/graphics/color.sty
Package: color 2016/07/10 v1.1e Standard LaTeX Color (DPC)

(/usr/share/texlive/texmf-dist/tex/latex/graphics-cfg/color.cfg
File: color.cfg 2016/01/02 v1.6 sample color configuration
)
Package color Info: Driver file: pdftex.def on input line 147.
)
(/usr/share/texlive/texmf-dist/tex/latex/fancyhdr/fancyhdr.sty
Package: fancyhdr 2017/06/30 v3.9a Extensive control of page headers and footer
s
\f@nch@headwidth=\skip50
\f@nch@O@elh=\skip51
\f@nch@O@erh=\skip52
\f@nch@O@olh=\skip53
\f@nch@O@orh=\skip54
\f@nch@O@elf=\skip55
\f@nch@O@erf=\skip56
\f@nch@O@olf=\skip57
\f@nch@O@orf=\skip58
)
(./P3_FRG_REPORT.aux)
\openout1 = `P3_FRG_REPORT.aux'.

LaTeX Font Info:    Checking defaults for OML/cmm/m/it on input line 37.
LaTeX Font Info:    ... okay on input line 37.
LaTeX Font Info:    Checking defaults for T1/cmr/m/n on input line 37.
LaTeX Font Info:    ... okay on input line 37.
LaTeX Font Info:    Checking defaults for OT1/cmr/m/n on input line 37.
LaTeX Font Info:    ... okay on input line 37.
LaTeX Font Info:    Checking defaults for OMS/cmsy/m/n on input line 37.
LaTeX Font Info:    ... okay on input line 37.
LaTeX Font Info:    Checking defaults for OMX/cmex/m/n on input line 37.
LaTeX Font Info:    ... okay on input line 37.
LaTeX Font Info:    Checking defaults for U/cmr/m/n on input line 37.
LaTeX Font Info:    ... okay on input line 37.
LaTeX Font Info:    Checking defaults for PD1/pdf/m/n on input line 37.
LaTeX Font Info:    ... okay on input line 37.

*geometry* driver: auto-detecting
*geometry* detected driver: pdftex
*geometry* verbose mode - [ preamble ] result:
* driver: pdftex
* paper: a4paper
* layout: <same size as paper>
* layoutoffset:(h,v)=(0.0pt,0.0pt)
* modes: 
* h-part:(L,W,R)=(72.26999pt, 452.9679pt, 72.26999pt)
* v-part:(T,H,B)=(72.26999pt, 700.50687pt, 72.26999pt)
* \paperwidth=597.50787pt
* \paperheight=845.04684pt
* \textwidth=452.9679pt
* \textheight=700.50687pt
* \oddsidemargin=0.0pt
* \evensidemargin=0.0pt
* \topmargin=-37.0pt
* \headheight=12.0pt
* \headsep=25.0pt
* \topskip=12.0pt
* \footskip=30.0pt
* \marginparwidth=44.0pt
* \marginparsep=10.0pt
* \columnsep=10.0pt
* \skip\footins=10.8pt plus 4.0pt minus 2.0pt
* \hoffset=0.0pt
* \voffset=0.0pt
* \mag=1000
* \@twocolumnfalse
* \@twosidefalse
* \@mparswitchfalse
* \@reversemarginfalse
* (1in=72.27pt=25.4mm, 1cm=28.453pt)

(/usr/share/texlive/texmf-dist/tex/context/base/mkii/supp-pdf.mkii
[Loading MPS to PDF converter (version 2006.09.02).]
\scratchcounter=\count116
\scratchdimen=\dimen127
\scratchbox=\box58
\nofMPsegments=\count117
\nofMParguments=\count118
\everyMPshowfont=\toks19
\MPscratchCnt=\count119
\MPscratchDim=\dimen128
\MPnumerator=\count120
\makeMPintoPDFobject=\count121
\everyMPtoPDFconversion=\toks20
) (/usr/share/texlive/texmf-dist/tex/latex/oberdiek/epstopdf-base.sty
Package: epstopdf-base 2016/05/15 v2.6 Base part for package epstopdf

(/usr/share/texlive/texmf-dist/tex/latex/oberdiek/grfext.sty
Package: grfext 2016/05/16 v1.2 Manage graphics extensions (HO)
)
Package epstopdf-base Info: Redefining graphics rule for `.eps' on input line 4
38.
Package grfext Info: Graphics extension search list:
(grfext)             [.pdf,.png,.jpg,.mps,.jpeg,.jbig2,.jb2,.PDF,.PNG,.JPG,.JPE
G,.JBIG2,.JB2,.eps]
(grfext)             \AppendGraphicsExtensions on input line 456.

(/usr/share/texlive/texmf-dist/tex/latex/latexconfig/epstopdf-sys.cfg
File: epstopdf-sys.cfg 2010/07/13 v1.3 Configuration of (r)epstopdf for TeX Liv
e
))
\AtBeginShipoutBox=\box59
Package hyperref Info: Link coloring OFF on input line 37.

(/usr/share/texlive/texmf-dist/tex/latex/hyperref/nameref.sty
Package: nameref 2016/05/21 v2.44 Cross-referencing by name of section

(/usr/share/texlive/texmf-dist/tex/generic/oberdiek/gettitlestring.sty
Package: gettitlestring 2016/05/16 v1.5 Cleanup title references (HO)
)
\c@section@level=\count122
)
LaTeX Info: Redefining \ref on input line 37.
LaTeX Info: Redefining \pageref on input line 37.
LaTeX Info: Redefining \nameref on input line 37.

(./P3_FRG_REPORT.out) (./P3_FRG_REPORT.out)
\@outlinefile=\write3
\openout3 = `P3_FRG_REPORT.out'.

 [1

{/var/lib/texmf/fonts/map/pdftex/updmap/pdftex.map}]pdfTeX warning (ext4): dest
ination with the same identifier (name{page.1}) has been already used, duplicat
e ignored
<to be read again> 
                   \relax 
l.56 
      [1] (./P3_FRG_REPORT.lof
LaTeX Font Info:    External font `cmex10' loaded for size
(Font)              <12> on input line 1.
LaTeX Font Info:    External font `cmex10' loaded for size
(Font)              <8> on input line 1.
LaTeX Font Info:    External font `cmex10' loaded for size
(Font)              <6> on input line 1.
)
\tf@lof=\write4
\openout4 = `P3_FRG_REPORT.lof'.



Package Fancyhdr Warning: \headheight is too small (12.0pt): 
 Make it at least 14.49998pt.
 We now make it that large for the rest of the document.
 This may cause the page layout to be inconsistent, however.

[1] (./P3_FRG_REPORT.toc [2])
\tf@toc=\write5
\openout5 = `P3_FRG_REPORT.toc'.

 [3]
Underfull \hbox (badness 10000) in paragraph at lines 75--76

 []

LaTeX Font Info:    Try loading font information for OMS+cmr on input line 79.
(/usr/share/texlive/texmf-dist/tex/latex/base/omscmr.fd
File: omscmr.fd 2014/09/29 v2.5h Standard LaTeX font definitions
)
LaTeX Font Info:    Font shape `OMS/cmr/m/n' in size <12> not available
(Font)              Font shape `OMS/cmsy/m/n' tried instead on input line 79.

Underfull \hbox (badness 10000) in paragraph at lines 119--126

 []


Underfull \hbox (badness 10000) in paragraph at lines 119--126

 []


Underfull \hbox (badness 10000) in paragraph at lines 119--126

 []

pdfTeX warning (ext4): destination with the same identifier (name{page.1}) has 
been already used, duplicate ignored
<to be read again> 
                   \relax 
l.126 \begin{enumerate}
                        [1]
Underfull \hbox (badness 10000) in paragraph at lines 127--129

 []

Missing character: There is no ‚ in font cmbx12!
Missing character: There is no Ä in font cmbx12!
Missing character: There is no ú in font cmbx12!
Missing character: There is no ‚ in font cmbx12!
Missing character: There is no Ä in font cmbx12!
Missing character: There is no ù in font cmbx12!
Missing character: There is no ‚ in font cmbx12!
Missing character: There is no Ä in font cmbx12!
Missing character: There is no ú in font cmbx12!
Missing character: There is no ‚ in font cmbx12!
Missing character: There is no Ä in font cmbx12!
Missing character: There is no ù in font cmbx12!

Underfull \hbox (badness 10000) in paragraph at lines 129--133

 []


Underfull \hbox (badness 10000) in paragraph at lines 129--133

 []


Underfull \hbox (badness 10000) in paragraph at lines 134--136

 []


Overfull \hbox (4.87514pt too wide) in paragraph at lines 134--136
\OT1/cmr/bx/n/12 $OPENEDX[]RELEASE/util/install/ansible-bootstrap.sh -O - $\OMS
/cmsy/m/n/12 j$ \OT1/cmr/bx/n/12 sudo bash 
 []


Underfull \hbox (badness 10000) in paragraph at lines 136--138

 []


Underfull \hbox (badness 10000) in paragraph at lines 138--140

 []


Underfull \hbox (badness 10000) in paragraph at lines 144--148

 []


Underfull \hbox (badness 10000) in paragraph at lines 144--148

 []

[2]
Underfull \hbox (badness 10000) in paragraph at lines 167--174

 []


Underfull \hbox (badness 10000) in paragraph at lines 167--174

 []


Underfull \hbox (badness 10000) in paragraph at lines 167--174

 []


Overfull \hbox (18.1662pt too wide) in paragraph at lines 175--176
[]\OT1/cmr/m/n/12 $ sudo curl -L "https://github.com/docker/compose/releases/do
wnload/1.24.0/docker-
 []


Underfull \hbox (badness 10000) in paragraph at lines 178--182

 []


Underfull \hbox (badness 10000) in paragraph at lines 178--182

 []


Underfull \hbox (badness 10000) in paragraph at lines 178--182

 []

[3]
Underfull \hbox (badness 10000) in paragraph at lines 191--197

 []


Underfull \hbox (badness 10000) in paragraph at lines 191--197

 []


Underfull \hbox (badness 10000) in paragraph at lines 191--197

 []


Underfull \hbox (badness 10000) in paragraph at lines 198--206

 []


Underfull \hbox (badness 10000) in paragraph at lines 198--206

 []


Overfull \hbox (33.50632pt too wide) in paragraph at lines 198--206
\OT1/cmr/m/n/12 $ curl -L https://github.com/docker/compose/releases/download/1
.18.0/docker-compose-
 []


Overfull \hbox (60.37122pt too wide) in paragraph at lines 206--212
\OT1/cmr/m/n/12 server.ubuntu.com 69464050", "delta": "0:02:00.744139", "end": 
"2019-05-24 07:49:07.605347",
 []


Overfull \hbox (70.0297pt too wide) in paragraph at lines 206--212
\OT1/cmr/m/n/12 /tmp/tmp.NmWIivV5Jo/gpg.1.sh --recv-keys\OMS/cmsy/m/n/12 n\OT1/
cmr/m/n/12 n--keyserver\OMS/cmsy/m/n/12 n\OT1/cmr/m/n/12 nkeyserver.ubuntu.com\
OMS/cmsy/m/n/12 n\OT1/cmr/m/n/12 n69464050",
 []


Underfull \hbox (badness 10000) in paragraph at lines 206--212

 []


Underfull \hbox (badness 10000) in paragraph at lines 206--212

 []

[4]
Overfull \hbox (64.63208pt too wide) in paragraph at lines 216--218
\OT1/cmr/m/n/12 COM-MON[]EDX[]PPA[]KEY from key-server.ubuntu.com to hkp://keys
erver.ubuntu.com:80 
 []


Package hyperref Warning: Token not allowed in a PDF string (PDFDocEncoding):
(hyperref)                removing `\@ifnextchar' on input line 223.

[5]
Missing character: There is no ‚ in font cmr12!
Missing character: There is no Ä in font cmr12!
Missing character: There is no ô in font cmr12!

Underfull \hbox (badness 10000) in paragraph at lines 250--252

 []


Overfull \hbox (8.69293pt too wide) in paragraph at lines 250--252
\OT1/cmr/bx/n/12 $ base=https://githubcom/docker/machine/releases/download/v0.1
6 &&
 []


Overfull \hbox (47.95663pt too wide) in paragraph at lines 250--252
\OT1/cmr/bx/n/12 curl -L $base/docker-machine-$(uname -s)-$(uname -m) $\OML/cmm
/m/it/12 >$\OT1/cmr/bx/n/12 /usr/local/bin/docker-
 []

[6]
Underfull \hbox (badness 10000) in paragraph at lines 252--254

 []

Missing character: There is no ‚ in font cmbx12!
Missing character: There is no Ä in font cmbx12!
Missing character: There is no ú in font cmbx12!
Missing character: There is no ‚ in font cmbx12!
Missing character: There is no Ä in font cmbx12!
Missing character: There is no ù in font cmbx12!
Missing character: There is no ‚ in font cmr12!
Missing character: There is no Ä in font cmr12!
Missing character: There is no ú in font cmr12!
Missing character: There is no ‚ in font cmr12!
Missing character: There is no Ä in font cmr12!
Missing character: There is no ù in font cmr12!

Underfull \hbox (badness 10000) in paragraph at lines 277--281

 []


Underfull \hbox (badness 10000) in paragraph at lines 277--281

 []

[7]
Underfull \hbox (badness 10000) in paragraph at lines 281--285

 []


Underfull \hbox (badness 10000) in paragraph at lines 281--285

 []

LaTeX Font Info:    Font shape `OMS/cmr/bx/n' in size <12> not available
(Font)              Font shape `OMS/cmsy/b/n' tried instead on input line 291.

Underfull \hbox (badness 10000) in paragraph at lines 285--293

 []


Underfull \hbox (badness 10000) in paragraph at lines 285--293

 []

Missing character: There is no ‚ in font cmr12!
Missing character: There is no Ä in font cmr12!
Missing character: There is no ô in font cmr12!
Missing character: There is no ‚ in font cmr12!
Missing character: There is no Ä in font cmr12!
Missing character: There is no ô in font cmr12!

Underfull \hbox (badness 10000) in paragraph at lines 293--295

 []


Underfull \hbox (badness 10000) in paragraph at lines 297--303

 []


Underfull \hbox (badness 10000) in paragraph at lines 297--303

 []


Underfull \hbox (badness 10000) in paragraph at lines 297--303

 []


Underfull \hbox (badness 10000) in paragraph at lines 297--303

 []


Underfull \hbox (badness 10000) in paragraph at lines 297--303

 []

[8]
Underfull \hbox (badness 10000) in paragraph at lines 304--309

 []


Underfull \hbox (badness 10000) in paragraph at lines 304--309

 []


Underfull \hbox (badness 10000) in paragraph at lines 304--309

 []


Underfull \hbox (badness 10000) in paragraph at lines 304--309

 []

[9]
Underfull \hbox (badness 10000) in paragraph at lines 330--335

 []


Package hyperref Warning: Token not allowed in a PDF string (PDFDocEncoding):
(hyperref)                removing `\@ifnextchar' on input line 342.

[10]
<pods.png, id=589, 1118.1775pt x 590.205pt>
File: pods.png Graphic file (type png)
<use pods.png>
Package pdftex.def Info: pods.png  used on input line 361.
(pdftex.def)             Requested size: 452.9679pt x 158.40439pt.
<deploy.png, id=591, 341.5962pt x 383.5128pt>
File: deploy.png Graphic file (type png)
<use deploy.png>
Package pdftex.def Info: deploy.png  used on input line 369.
(pdftex.def)             Requested size: 280.77786pt x 315.22594pt.

Underfull \hbox (badness 10000) in paragraph at lines 366--374

 []


Underfull \hbox (badness 10000) in paragraph at lines 366--374

 []


Underfull \hbox (badness 10000) in paragraph at lines 366--374

 []


Underfull \hbox (badness 10000) in paragraph at lines 366--374

 []


Underfull \hbox (badness 10000) in paragraph at lines 366--374

 []


LaTeX Warning: `!h' float specifier changed to `!ht'.

<service.png, id=593, 406.51875pt x 310.15875pt>
File: service.png Graphic file (type png)
<use service.png>
Package pdftex.def Info: service.png  used on input line 378.
(pdftex.def)             Requested size: 229.53464pt x 175.12671pt.
[11pdfTeX warning (ext4): destination with the same identifier (name{figure.1})
 has been already used, duplicate ignored

\AtBegShi@Output ...ipout \box \AtBeginShipoutBox 
                                                  \fi \fi 
l.382 \subsubsection
                    {Ingress network} <./pods.png>]
<ingress.png, id=599, 554.07pt x 430.60875pt>
File: ingress.png Graphic file (type png)
<use ingress.png>
Package pdftex.def Info: ingress.png  used on input line 386.
(pdftex.def)             Requested size: 279.41846pt x 217.15541pt.
 [12pdfTeX warning (ext4): destination with the same identifier (name{figure.2}
) has been already used, duplicate ignored

\AtBegShi@Output ...ipout \box \AtBeginShipoutBox 
                                                  \fi \fi 
l.390 \subsection
                 {Networking in Kubernetes}pdfTeX warning (ext4): destination w
ith the same identifier (name{figure.3}) has been already used, duplicate ignor
ed

\AtBegShi@Output ...ipout \box \AtBeginShipoutBox 
                                                  \fi \fi 
l.390 \subsection
                 {Networking in Kubernetes} <./deploy.png> <./service.png>]
Underfull \hbox (badness 10000) in paragraph at lines 391--394

 []


Underfull \hbox (badness 10000) in paragraph at lines 391--394

 []

<flannel.png, id=606, 1877.0125pt x 1294.8375pt>
File: flannel.png Graphic file (type png)
<use flannel.png>
Package pdftex.def Info: flannel.png  used on input line 405.
(pdftex.def)             Requested size: 452.95532pt x 280.20233pt.

LaTeX Warning: `!h' float specifier changed to `!ht'.

<calico.jpg, id=607, 670.505pt x 600.2425pt>
File: calico.jpg Graphic file (type jpg)
<use calico.jpg>
Package pdftex.def Info: calico.jpg  used on input line 413.
(pdftex.def)             Requested size: 328.66287pt x 294.2116pt.

Underfull \hbox (badness 10000) in paragraph at lines 410--418

 []


Underfull \hbox (badness 10000) in paragraph at lines 410--418

 []


Underfull \hbox (badness 10000) in paragraph at lines 410--418

 []


Underfull \hbox (badness 10000) in paragraph at lines 410--418

 []


Underfull \hbox (badness 10000) in paragraph at lines 410--418

 []


Underfull \hbox (badness 10000) in paragraph at lines 410--418

 []


Underfull \hbox (badness 10000) in paragraph at lines 410--418

 []


Underfull \hbox (badness 10000) in paragraph at lines 410--418

 []


Underfull \hbox (badness 10000) in paragraph at lines 410--418

 []


Underfull \hbox (badness 10000) in paragraph at lines 410--418

 []


Underfull \hbox (badness 10000) in paragraph at lines 410--418

 []


Underfull \hbox (badness 10000) in paragraph at lines 410--418

 []


Underfull \hbox (badness 10000) in paragraph at lines 410--418

 []


Underfull \hbox (badness 10000) in paragraph at lines 410--418

 []


Underfull \hbox (badness 10000) in paragraph at lines 410--418

 []


Underfull \hbox (badness 10000) in paragraph at lines 410--418

 []


Underfull \hbox (badness 10000) in paragraph at lines 410--418

 []

[13pdfTeX warning (ext4): destination with the same identifier (name{figure.4})
 has been already used, duplicate ignored

\AtBegShi@Output ...ipout \box \AtBeginShipoutBox 
                                                  \fi \fi 
l.418 \subsubsection
                    {Weavenet} <./ingress.png>]

LaTeX Warning: `!h' float specifier changed to `!ht'.

<weavenet.png, id=617, 963.6pt x 542.025pt>
File: weavenet.png Graphic file (type png)
<use weavenet.png>
Package pdftex.def Info: weavenet.png  used on input line 422.
(pdftex.def)             Requested size: 373.6117pt x 210.15419pt.
[14pdfTeX warning (ext4): destination with the same identifier (name{figure.5})
 has been already used, duplicate ignored

\AtBegShi@Output ...ipout \box \AtBeginShipoutBox 
                                                  \fi \fi 
l.427 \subsection
                 {Prerequisites for running kubernetes \cite{Prereq}} <./flanne
l.png>] [15pdfTeX warning (ext4): destination with the same identifier (name{fi
gure.6}) has been already used, duplicate ignored

\AtBegShi@Output ...ipout \box \AtBeginShipoutBox 
                                                  \fi \fi 
l.427 \subsection
                 {Prerequisites for running kubernetes \cite{Prereq}}pdfTeX war
ning (ext4): destination with the same identifier (name{figure.7}) has been alr
eady used, duplicate ignored

\AtBegShi@Output ...ipout \box \AtBeginShipoutBox 
                                                  \fi \fi 
l.427 \subsection
                 {Prerequisites for running kubernetes \cite{Prereq}} <./calico
.jpg> <./weavenet.png (PNG copy)>]

Package hyperref Warning: Token not allowed in a PDF string (PDFDocEncoding):
(hyperref)                removing `\@ifnextchar' on input line 427.


Overfull \hbox (35.32574pt too wide) in paragraph at lines 436--441
\OT1/cmr/m/n/12 In or-der to man-u-ally make the IP static add the fol-low-ing 
lines to the file /etc/network/interfaces: 
 []


Underfull \hbox (badness 10000) in paragraph at lines 436--441

 []

Missing character: There is no ‚ in font cmr12!
Missing character: There is no Ä in font cmr12!
Missing character: There is no ô in font cmr12!
Missing character: There is no ‚ in font cmr12!
Missing character: There is no Ä in font cmr12!
Missing character: There is no ô in font cmr12!

Underfull \hbox (badness 10000) in paragraph at lines 456--471

 []


Underfull \hbox (badness 10000) in paragraph at lines 456--471

 []


Underfull \hbox (badness 10000) in paragraph at lines 456--471

 []


Underfull \hbox (badness 10000) in paragraph at lines 456--471

 []


Underfull \hbox (badness 10000) in paragraph at lines 456--471

 []


Underfull \hbox (badness 10000) in paragraph at lines 456--471

 []


Underfull \hbox (badness 10000) in paragraph at lines 456--471

 []


Underfull \hbox (badness 10000) in paragraph at lines 456--471

 []


Overfull \hbox (30.44951pt too wide) in paragraph at lines 456--471
\OT1/cmr/bx/n/12 $ kubeadm join IP[]OF[]MASTER:6443 --token GEN-ER-ATED[]TOKEN 
--discovery-
 []


Underfull \hbox (badness 10000) in paragraph at lines 456--471

 []


Underfull \hbox (badness 10000) in paragraph at lines 456--471

 []

[16]
Underfull \hbox (badness 10000) in paragraph at lines 472--478

 []


Overfull \hbox (28.94325pt too wide) in paragraph at lines 472--478
\OT1/cmr/bx/n/12 $ kubectl ap-ply -f https://docs.projectcalico.org/v3.1/gettin
g-started/kubernetes/ 
 []


Underfull \hbox (badness 10000) in paragraph at lines 472--478

 []


Underfull \hbox (badness 10000) in paragraph at lines 472--478

 []


Overfull \hbox (29.79605pt too wide) in paragraph at lines 472--478
\OT1/cmr/bx/n/12 $ sudo kubectl ap-ply -f https://raw.githubusercontent.com/cor
eos/flannel/master/ 
 []


Underfull \hbox (badness 10000) in paragraph at lines 472--478

 []


Package hyperref Warning: Token not allowed in a PDF string (PDFDocEncoding):
(hyperref)                removing `\@ifnextchar' on input line 478.


Underfull \hbox (badness 10000) in paragraph at lines 479--494

 []


Overfull \hbox (5.92937pt too wide) in paragraph at lines 479--494
\OT1/cmr/bx/n/12 $ kubectl cre-ate -f https://raw.githubusercontent.com/kuberne
tes/dashboard/ 
 []


Underfull \hbox (badness 10000) in paragraph at lines 479--494

 []


Underfull \hbox (badness 10000) in paragraph at lines 479--494

 []


Underfull \hbox (badness 10000) in paragraph at lines 479--494

 []


Underfull \hbox (badness 10000) in paragraph at lines 479--494

 []


Underfull \hbox (badness 10000) in paragraph at lines 479--494

 []


Underfull \hbox (badness 10000) in paragraph at lines 479--494

 []


Underfull \hbox (badness 10000) in paragraph at lines 479--494

 []


Underfull \hbox (badness 10000) in paragraph at lines 479--494

 []


Underfull \hbox (badness 10000) in paragraph at lines 479--494

 []


Underfull \hbox (badness 10000) in paragraph at lines 479--494

 []


Underfull \hbox (badness 10000) in paragraph at lines 479--494

 []

[17]
Underfull \hbox (badness 10000) in paragraph at lines 495--503

 []


Underfull \hbox (badness 10000) in paragraph at lines 495--503

 []


Underfull \hbox (badness 10000) in paragraph at lines 495--503

 []


Underfull \hbox (badness 10000) in paragraph at lines 495--503

 []


Underfull \hbox (badness 10000) in paragraph at lines 495--503

 []


Underfull \hbox (badness 10000) in paragraph at lines 495--503

 []

<kubernetesapiserver.png, id=647, 762.85pt x 521.95pt>
File: kubernetesapiserver.png Graphic file (type png)
<use kubernetesapiserver.png>
Package pdftex.def Info: kubernetesapiserver.png  used on input line 507.
(pdftex.def)             Requested size: 327.63498pt x 224.16733pt.
[18]
Underfull \hbox (badness 10000) in paragraph at lines 514--516

 []


Underfull \hbox (badness 10000) in paragraph at lines 516--518

 []


Underfull \hbox (badness 10000) in paragraph at lines 518--520

 []


Package hyperref Warning: Token not allowed in a PDF string (PDFDocEncoding):
(hyperref)                removing `\@ifnextchar' on input line 521.

Missing character: There is no ‚ in font cmr12!
Missing character: There is no Ä in font cmr12!
Missing character: There is no î in font cmr12!
Missing character: There is no ‚ in font cmr12!
Missing character: There is no Ä in font cmr12!
Missing character: There is no ô in font cmr12!

Underfull \hbox (badness 10000) in paragraph at lines 522--524

 []

[19pdfTeX warning (ext4): destination with the same identifier (name{figure.8})
 has been already used, duplicate ignored

\AtBegShi@Output ...ipout \box \AtBeginShipoutBox 
                                                  \fi \fi 
l.524 \subsection
                 {Request Management} <./kubernetesapiserver.png>]
<kubereqman.png, id=658, 198.0198pt x 35.8941pt>
File: kubereqman.png Graphic file (type png)
<use kubereqman.png>
Package pdftex.def Info: kubereqman.png  used on input line 535.
(pdftex.def)             Requested size: 386.51173pt x 70.05496pt.

Underfull \hbox (badness 10000) in paragraph at lines 544--547

 []

[20pdfTeX warning (ext4): destination with the same identifier (name{figure.9})
 has been already used, duplicate ignored

\AtBegShi@Output ...ipout \box \AtBeginShipoutBox 
                                                  \fi \fi 
l.551 	\item \textbf
                    {Service Account \& Token Controllers:} Create default a...
 <./kubereqman.png (PNG copy)>]
Underfull \hbox (badness 10000) in paragraph at lines 556--558

 []


Underfull \hbox (badness 10000) in paragraph at lines 559--561

 []


Underfull \hbox (badness 10000) in paragraph at lines 561--564

 []

<kompose.png, id=666, 637.38126pt x 380.42125pt>
File: kompose.png Graphic file (type png)
<use kompose.png>
Package pdftex.def Info: kompose.png  used on input line 573.
(pdftex.def)             Requested size: 446.00822pt x 266.19603pt.
<persistentvolumes.png, id=667, 1027.84pt x 479.7925pt>
File: persistentvolumes.png Graphic file (type png)
<use persistentvolumes.png>
Package pdftex.def Info: persistentvolumes.png  used on input line 580.
(pdftex.def)             Requested size: 495.22394pt x 231.16855pt.

Overfull \hbox (42.25604pt too wide) in paragraph at lines 580--581
 [] 
 []


Underfull \hbox (badness 10000) in paragraph at lines 565--584

 []


Underfull \hbox (badness 10000) in paragraph at lines 565--584

 []


Underfull \hbox (badness 10000) in paragraph at lines 565--584

 []


Underfull \hbox (badness 10000) in paragraph at lines 565--584

 []


Underfull \hbox (badness 10000) in paragraph at lines 565--584

 []


LaTeX Warning: `!h' float specifier changed to `!ht'.

[21] [22pdfTeX warning (ext4): destination with the same identifier (name{figur
e.10}) has been already used, duplicate ignored

\AtBegShi@Output ...ipout \box \AtBeginShipoutBox 
                                                  \fi \fi 
l.586 \subsection
                 {Work}pdfTeX warning (ext4): destination with the same identif
ier (name{figure.11}) has been already used, duplicate ignored

\AtBegShi@Output ...ipout \box \AtBeginShipoutBox 
                                                  \fi \fi 
l.586 \subsection
                 {Work} <./kompose.png> <./persistentvolumes.png>]
Underfull \hbox (badness 10000) in paragraph at lines 599--603

 []


Underfull \hbox (badness 10000) in paragraph at lines 599--603

 []


Underfull \hbox (badness 10000) in paragraph at lines 599--603

 []


Underfull \hbox (badness 10000) in paragraph at lines 599--603

 []

[23] [24] [25]
Underfull \hbox (badness 10000) in paragraph at lines 649--651

 []

[26]
<intro/cpu_mridul.png, id=723, 1131.22626pt x 639.38875pt>
File: intro/cpu_mridul.png Graphic file (type png)
<use intro/cpu_mridul.png>
Package pdftex.def Info: intro/cpu_mridul.png  used on input line 691.
(pdftex.def)             Requested size: 452.96579pt x 256.02414pt.
<intro/mem_mridul.png, id=724, 1131.22626pt x 604.2575pt>
File: intro/mem_mridul.png Graphic file (type png)
<use intro/mem_mridul.png>
Package pdftex.def Info: intro/mem_mridul.png  used on input line 696.
(pdftex.def)             Requested size: 452.96579pt x 241.95688pt.
 [27] [28pdfTeX warning (ext4): destination with the same identifier (name{figu
re.12}) has been already used, duplicate ignored

\AtBegShi@Output ...ipout \box \AtBeginShipoutBox 
                                                  \fi \fi 
l.700 \newpage
              pdfTeX warning (ext4): destination with the same identifier (name
{figure.13}) has been already used, duplicate ignored

\AtBegShi@Output ...ipout \box \AtBeginShipoutBox 
                                                  \fi \fi 
l.700 \newpage
               <./intro/cpu_mridul.png> <./intro/mem_mridul.png>]
<intro/S1.png, id=749, 481.04718pt x 381.67593pt>
File: intro/S1.png Graphic file (type png)
<use intro/S1.png>
Package pdftex.def Info: intro/S1.png  used on input line 703.
(pdftex.def)             Requested size: 452.97716pt x 359.4044pt.
<intro/S2.png, id=750, 484.81125pt x 431.36156pt>
File: intro/S2.png Graphic file (type png)
<use intro/S2.png>
Package pdftex.def Info: intro/S2.png  used on input line 708.
(pdftex.def)             Requested size: 452.9929pt x 403.05115pt.


LaTeX Warning: `!h' float specifier changed to `!ht'.

<intro/S3.png, id=751, 505.89pt x 428.35031pt>
File: intro/S3.png Graphic file (type png)
<use intro/S3.png>
Package pdftex.def Info: intro/S3.png  used on input line 713.
(pdftex.def)             Requested size: 452.97328pt x 383.54434pt.

LaTeX Warning: `!h' float specifier changed to `!ht'.

<intro/S4.png, id=752, 491.58656pt x 434.37282pt>
File: intro/S4.png Graphic file (type png)
<use intro/S4.png>
Package pdftex.def Info: intro/S4.png  used on input line 719.
(pdftex.def)             Requested size: 452.98521pt x 400.26411pt.

LaTeX Warning: `!h' float specifier changed to `!ht'.

[29pdfTeX warning (ext4): destination with the same identifier (name{figure.14}
) has been already used, duplicate ignored

\AtBegShi@Output ...ipout \box \AtBeginShipoutBox 
                                                  \fi \fi 
l.722 \clearpage
                 <./intro/S1.png>] [30pdfTeX warning (ext4): destination with t
he same identifier (name{figure.15}) has been already used, duplicate ignored

\AtBegShi@Output ...ipout \box \AtBeginShipoutBox 
                                                  \fi \fi 
l.722 \clearpage
                 <./intro/S2.png>] [31pdfTeX warning (ext4): destination with t
he same identifier (name{figure.16}) has been already used, duplicate ignored

\AtBegShi@Output ...ipout \box \AtBeginShipoutBox 
                                                  \fi \fi 
l.722 \clearpage
                 <./intro/S3.png>] [32pdfTeX warning (ext4): destination with t
he same identifier (name{figure.17}) has been already used, duplicate ignored

\AtBegShi@Output ...ipout \box \AtBeginShipoutBox 
                                                  \fi \fi 
l.722 \clearpage
                 <./intro/S4.png>] [33

]
<intro/cpu_harshit.png, id=783, 1131.22626pt x 639.38875pt>
File: intro/cpu_harshit.png Graphic file (type png)
<use intro/cpu_harshit.png>
Package pdftex.def Info: intro/cpu_harshit.png  used on input line 748.
(pdftex.def)             Requested size: 452.96579pt x 256.02414pt.
<intro/mem_harshit.png, id=784, 1131.22626pt x 604.2575pt>
File: intro/mem_harshit.png Graphic file (type png)
<use intro/mem_harshit.png>
Package pdftex.def Info: intro/mem_harshit.png  used on input line 753.
(pdftex.def)             Requested size: 452.96579pt x 241.95688pt.
 [34

pdfTeX warning (ext4): destination with the same identifier (name{figure.18}) h
as been already used, duplicate ignored

\AtBegShi@Output ...ipout \box \AtBeginShipoutBox 
                                                  \fi \fi 
l.757 \newpage
              pdfTeX warning (ext4): destination with the same identifier (name
{figure.19}) has been already used, duplicate ignored

\AtBegShi@Output ...ipout \box \AtBeginShipoutBox 
                                                  \fi \fi 
l.757 \newpage
               <./intro/cpu_harshit.png> <./intro/mem_harshit.png>]
<intro/S1_harshit.png, id=792, 609.77812pt x 746.03719pt>
File: intro/S1_harshit.png Graphic file (type png)
<use intro/S1_harshit.png>
Package pdftex.def Info: intro/S1_harshit.png  used on input line 760.
(pdftex.def)             Requested size: 452.98729pt x 554.21037pt.
<intro/S2_harshit.png, id=793, 504.6855pt x 614.295pt>
File: intro/S2_harshit.png Graphic file (type png)
<use intro/S2_harshit.png>
Package pdftex.def Info: intro/S2_harshit.png  used on input line 765.
(pdftex.def)             Requested size: 452.98831pt x 551.37001pt.


LaTeX Warning: `!h' float specifier changed to `!ht'.

<intro/S3_harshit.png, id=794, 486.618pt x 612.48825pt>
File: intro/S3_harshit.png Graphic file (type png)
<use intro/S3_harshit.png>
Package pdftex.def Info: intro/S3_harshit.png  used on input line 771.
(pdftex.def)             Requested size: 452.98814pt x 570.15959pt.

LaTeX Warning: `!h' float specifier changed to `!ht'.

<intro/S4_harshit.png, id=795, 508.90125pt x 616.704pt>
File: intro/S4_harshit.png Graphic file (type png)
<use intro/S4_harshit.png>
Package pdftex.def Info: intro/S4_harshit.png  used on input line 777.
(pdftex.def)             Requested size: 452.98282pt x 548.94011pt.

LaTeX Warning: `!h' float specifier changed to `!ht'.

<intro/3.png, id=796, 806.26219pt x 450.9347pt>
File: intro/3.png Graphic file (type png)
<use intro/3.png>
Package pdftex.def Info: intro/3.png  used on input line 783.
(pdftex.def)             Requested size: 452.96776pt x 253.3405pt.

LaTeX Warning: `!h' float specifier changed to `!ht'.

<intro/4.png, id=797, 1046.91125pt x 565.11125pt>
File: intro/4.png Graphic file (type png)
<use intro/4.png>
Package pdftex.def Info: intro/4.png  used on input line 789.
(pdftex.def)             Requested size: 452.95862pt x 244.5021pt.

LaTeX Warning: `!h' float specifier changed to `!ht'.

[35pdfTeX warning (ext4): destination with the same identifier (name{figure.20}
) has been already used, duplicate ignored

\AtBegShi@Output ...ipout \box \AtBeginShipoutBox 
                                                  \fi \fi 
l.792 \clearpage
                 <./intro/S1_harshit.png>] [36pdfTeX warning (ext4): destinatio
n with the same identifier (name{figure.21}) has been already used, duplicate i
gnored

\AtBegShi@Output ...ipout \box \AtBeginShipoutBox 
                                                  \fi \fi 
l.792 \clearpage
                 <./intro/S2_harshit.png>] [37pdfTeX warning (ext4): destinatio
n with the same identifier (name{figure.22}) has been already used, duplicate i
gnored

\AtBegShi@Output ...ipout \box \AtBeginShipoutBox 
                                                  \fi \fi 
l.792 \clearpage
                 <./intro/S3_harshit.png>] [38pdfTeX warning (ext4): destinatio
n with the same identifier (name{figure.23}) has been already used, duplicate i
gnored

\AtBegShi@Output ...ipout \box \AtBeginShipoutBox 
                                                  \fi \fi 
l.792 \clearpage
                 <./intro/S4_harshit.png>] [39pdfTeX warning (ext4): destinatio
n with the same identifier (name{figure.24}) has been already used, duplicate i
gnored

\AtBegShi@Output ...ipout \box \AtBeginShipoutBox 
                                                  \fi \fi 
l.792 \clearpage
                pdfTeX warning (ext4): destination with the same identifier (na
me{figure.25}) has been already used, duplicate ignored

\AtBegShi@Output ...ipout \box \AtBeginShipoutBox 
                                                  \fi \fi 
l.792 \clearpage
                 <./intro/3.png> <./intro/4.png>] (./P3_FRG_REPORT.bbl
Underfull \hbox (badness 10000) in paragraph at lines 12--15
[]\OT1/cmr/m/n/12 ``Prerequisites for in-stalling Ku-ber-netes "[]$\OT1/cmtt/m/
n/12 https : / / www . edureka . co / blog /
 []


Underfull \hbox (badness 10000) in paragraph at lines 17--20
[]\OT1/cmr/m/n/12 ``Setting up and host-ing the dash-board "[]$\OT1/cmtt/m/n/12
 https : / / www . vikki . in /
 []


Underfull \hbox (badness 10000) in paragraph at lines 22--25
[]\OT1/cmr/m/n/12 ``Kubernetes man-age-ment "[]$\OT1/cmtt/m/n/12 https : / / ww
w . oreilly . com / library / view /
 []


Underfull \hbox (badness 10000) in paragraph at lines 27--30
[]\OT1/cmr/m/n/12 ``Pods are un-able to ac-cess in-ter-net "[]$\OT1/cmtt/m/n/12
 https : / / blog . yaakov . online /
 []


Underfull \hbox (badness 10000) in paragraph at lines 27--30
\OT1/cmtt/m/n/12 kubernetes-[]getting-[]pods-[]to-[]talk-[]to-[]the-[]internet/
$[]\OT1/cmr/m/n/12 ". Ac-cessed on July
 []

)
Package atveryend Info: Empty hook `BeforeClearDocument' on input line 812.
 [40

]
Package atveryend Info: Empty hook `AfterLastShipout' on input line 812.
 (./P3_FRG_REPORT.aux)
Package atveryend Info: Executing hook `AtVeryEndDocument' on input line 812.
Package atveryend Info: Executing hook `AtEndAfterFileList' on input line 812.
Package rerunfilecheck Info: File `P3_FRG_REPORT.out' has not changed.
(rerunfilecheck)             Checksum: 35FA8B122FC718B6D76D0B29AFD33E28;5929.
Package atveryend Info: Empty hook `AtVeryVeryEnd' on input line 812.
 ) 
Here is how much of TeX's memory you used:
 6436 strings out of 494923
 94862 string characters out of 6180741
 186098 words of memory out of 5000000
 9430 multiletter control sequences out of 15000+600000
 9877 words of font info for 35 fonts, out of 8000000 for 9000
 14 hyphenation exceptions out of 8191
 28i,12n,43p,898b,439s stack positions out of 5000i,500n,10000p,200000b,80000s
</usr/share/texlive/texmf-dist/fonts/type1/public/amsfonts/cm/cmbsy10.pfb></u
sr/share/texlive/texmf-dist/fonts/type1/public/amsfonts/cm/cmbx12.pfb></usr/sha
re/texlive/texmf-dist/fonts/type1/public/amsfonts/cm/cmmi12.pfb></usr/share/tex
live/texmf-dist/fonts/type1/public/amsfonts/cm/cmr12.pfb></usr/share/texlive/te
xmf-dist/fonts/type1/public/amsfonts/cm/cmr17.pfb></usr/share/texlive/texmf-dis
t/fonts/type1/public/amsfonts/cm/cmsy10.pfb></usr/share/texlive/texmf-dist/font
s/type1/public/amsfonts/cm/cmti12.pfb></usr/share/texlive/texmf-dist/fonts/type
1/public/amsfonts/cm/cmtt12.pfb>
Output written on P3_FRG_REPORT.pdf (45 pages, 2117593 bytes).
PDF statistics:
 924 PDF objects out of 1000 (max. 8388607)
 813 compressed objects within 9 object streams
 236 named destinations out of 1000 (max. 500000)
 762 words of extra memory for PDF output out of 10000 (max. 10000000)

