\BOOKMARK [1][-]{section.0.1}{Acknowledgement}{}% 1
\BOOKMARK [1][-]{section.0.2}{Declaration}{}% 2
\BOOKMARK [0][-]{chapter.1}{Introduction}{}% 3
\BOOKMARK [1][-]{section.1.1}{Introduction}{chapter.1}% 4
\BOOKMARK [1][-]{section.1.2}{Open edX}{chapter.1}% 5
\BOOKMARK [2][-]{subsection.1.2.1}{Releases}{section.1.2}% 6
\BOOKMARK [2][-]{subsection.1.2.2}{Installation}{section.1.2}% 7
\BOOKMARK [3][-]{subsubsection.1.2.2.1}{Native installation}{subsection.1.2.2}% 8
\BOOKMARK [3][-]{subsubsection.1.2.2.2}{Docker-based installation}{subsection.1.2.2}% 9
\BOOKMARK [0][-]{chapter.2}{Docker}{}% 10
\BOOKMARK [1][-]{section.2.1}{Docker Docker}{chapter.2}% 11
\BOOKMARK [2][-]{subsection.2.1.1}{About Docker}{section.2.1}% 12
\BOOKMARK [2][-]{subsection.2.1.2}{Terms related to Docker}{section.2.1}% 13
\BOOKMARK [3][-]{subsubsection.2.1.2.1}{Containerization}{subsection.2.1.2}% 14
\BOOKMARK [3][-]{subsubsection.2.1.2.2}{Docker Image}{subsection.2.1.2}% 15
\BOOKMARK [3][-]{subsubsection.2.1.2.3}{Docker Container}{subsection.2.1.2}% 16
\BOOKMARK [3][-]{subsubsection.2.1.2.4}{Docker Registry}{subsection.2.1.2}% 17
\BOOKMARK [3][-]{subsubsection.2.1.2.5}{Docker Engine}{subsection.2.1.2}% 18
\BOOKMARK [3][-]{subsubsection.2.1.2.6}{Docker Compose}{subsection.2.1.2}% 19
\BOOKMARK [3][-]{subsubsection.2.1.2.7}{Dockerfiles}{subsection.2.1.2}% 20
\BOOKMARK [2][-]{subsection.2.1.3}{Docker-Machine}{section.2.1}% 21
\BOOKMARK [3][-]{subsubsection.2.1.3.1}{Install Docker Machine:}{subsection.2.1.3}% 22
\BOOKMARK [3][-]{subsubsection.2.1.3.2}{Use Docker Machine to run Docker Containers:}{subsection.2.1.3}% 23
\BOOKMARK [3][-]{subsubsection.2.1.3.3}{Create a Machine}{subsection.2.1.3}% 24
\BOOKMARK [3][-]{subsubsection.2.1.3.4}{Connect your shell to the new machine}{subsection.2.1.3}% 25
\BOOKMARK [3][-]{subsubsection.2.1.3.5}{Run containers and experiment with machine commands}{subsection.2.1.3}% 26
\BOOKMARK [2][-]{subsection.2.1.4}{Docker Swarm}{section.2.1}% 27
\BOOKMARK [3][-]{subsubsection.2.1.4.1}{Types of networks in docker}{subsection.2.1.4}% 28
\BOOKMARK [3][-]{subsubsection.2.1.4.2}{Initialising a Swarm Node as Manager}{subsection.2.1.4}% 29
\BOOKMARK [3][-]{subsubsection.2.1.4.3}{Docker Stack}{subsection.2.1.4}% 30
\BOOKMARK [0][-]{chapter.3}{Ansible}{}% 31
\BOOKMARK [1][-]{section.3.1}{Ansible}{chapter.3}% 32
\BOOKMARK [2][-]{subsection.3.1.1}{Installing openssh}{section.3.1}% 33
\BOOKMARK [2][-]{subsection.3.1.2}{Generating key at server and copying in client}{section.3.1}% 34
\BOOKMARK [2][-]{subsection.3.1.3}{Ansible setup}{section.3.1}% 35
\BOOKMARK [3][-]{subsubsection.3.1.3.1}{Adding repository}{subsection.3.1.3}% 36
\BOOKMARK [3][-]{subsubsection.3.1.3.2}{Installing ansible}{subsection.3.1.3}% 37
\BOOKMARK [3][-]{subsubsection.3.1.3.3}{Checking version}{subsection.3.1.3}% 38
\BOOKMARK [3][-]{subsubsection.3.1.3.4}{Ansible directories}{subsection.3.1.3}% 39
\BOOKMARK [3][-]{subsubsection.3.1.3.5}{Making a copy a directory for our use}{subsection.3.1.3}% 40
\BOOKMARK [2][-]{subsection.3.1.4}{Some useful commands for ansible}{section.3.1}% 41
\BOOKMARK [3][-]{subsubsection.3.1.4.1}{To see the hostnames of all nodes}{subsection.3.1.4}% 42
\BOOKMARK [3][-]{subsubsection.3.1.4.2}{To see the volumes used by all nodes}{subsection.3.1.4}% 43
\BOOKMARK [3][-]{subsubsection.3.1.4.3}{To run an ansible-playbook}{subsection.3.1.4}% 44
\BOOKMARK [0][-]{chapter.4}{Kubernetes}{}% 45
\BOOKMARK [1][-]{section.4.1}{KubernetesKubernetes}{chapter.4}% 46
\BOOKMARK [2][-]{subsection.4.1.1}{What is Kubernetes}{section.4.1}% 47
\BOOKMARK [2][-]{subsection.4.1.2}{Main Features Of Kubernetes}{section.4.1}% 48
\BOOKMARK [2][-]{subsection.4.1.3}{Terminologies in Kubernetes}{section.4.1}% 49
\BOOKMARK [3][-]{subsubsection.4.1.3.1}{Pod}{subsection.4.1.3}% 50
\BOOKMARK [3][-]{subsubsection.4.1.3.2}{Deployment}{subsection.4.1.3}% 51
\BOOKMARK [3][-]{subsubsection.4.1.3.3}{Service}{subsection.4.1.3}% 52
\BOOKMARK [3][-]{subsubsection.4.1.3.4}{Ingress network}{subsection.4.1.3}% 53
\BOOKMARK [2][-]{subsection.4.1.4}{Networking in Kubernetes}{section.4.1}% 54
\BOOKMARK [3][-]{subsubsection.4.1.4.1}{Flannel}{subsection.4.1.4}% 55
\BOOKMARK [3][-]{subsubsection.4.1.4.2}{Calico}{subsection.4.1.4}% 56
\BOOKMARK [3][-]{subsubsection.4.1.4.3}{Weavenet}{subsection.4.1.4}% 57
\BOOKMARK [2][-]{subsection.4.1.5}{Prerequisites for running kubernetes Prereq}{section.4.1}% 58
\BOOKMARK [3][-]{subsubsection.4.1.5.1}{Disable Swap Space}{subsection.4.1.5}% 59
\BOOKMARK [3][-]{subsubsection.4.1.5.2}{Make IP static}{subsection.4.1.5}% 60
\BOOKMARK [2][-]{subsection.4.1.6}{Kubernetes setup}{section.4.1}% 61
\BOOKMARK [2][-]{subsection.4.1.7}{Setting up your Kubernetes cluster}{section.4.1}% 62
\BOOKMARK [3][-]{subsubsection.4.1.7.1}{Setting up a pod network}{subsection.4.1.7}% 63
\BOOKMARK [3][-]{subsubsection.4.1.7.2}{Setting up and hosting the dashboard Dashboard}{subsection.4.1.7}% 64
\BOOKMARK [3][-]{subsubsection.4.1.7.3}{Kubernetes commands for getting resource info}{subsection.4.1.7}% 65
\BOOKMARK [2][-]{subsection.4.1.8}{Kubernetes API Server}{section.4.1}% 66
\BOOKMARK [3][-]{subsubsection.4.1.8.1}{Pieces of API Server}{subsection.4.1.8}% 67
\BOOKMARK [3][-]{subsubsection.4.1.8.2}{API Management KubernetesManagement}{subsection.4.1.8}% 68
\BOOKMARK [2][-]{subsection.4.1.9}{Request Management}{section.4.1}% 69
\BOOKMARK [2][-]{subsection.4.1.10}{ETCD}{section.4.1}% 70
\BOOKMARK [2][-]{subsection.4.1.11}{Kube-Scheduler}{section.4.1}% 71
\BOOKMARK [2][-]{subsection.4.1.12}{Kube-Control-Manager}{section.4.1}% 72
\BOOKMARK [2][-]{subsection.4.1.13}{Converting docker-compose file to its Kubernetes equivalent}{section.4.1}% 73
\BOOKMARK [3][-]{subsubsection.4.1.13.1}{Kompose}{subsection.4.1.13}% 74
\BOOKMARK [3][-]{subsubsection.4.1.13.2}{Compose on Kubernetes}{subsection.4.1.13}% 75
\BOOKMARK [0][-]{chapter.5}{Our progress}{}% 76
\BOOKMARK [1][-]{section.5.1}{Our progress}{chapter.5}% 77
\BOOKMARK [2][-]{subsection.5.1.1}{Kubernetes cluster}{section.5.1}% 78
\BOOKMARK [2][-]{subsection.5.1.2}{Kompose}{section.5.1}% 79
\BOOKMARK [2][-]{subsection.5.1.3}{Persistent volumes and Persistent volume claims}{section.5.1}% 80
\BOOKMARK [2][-]{subsection.5.1.4}{Kubernetes deployment}{section.5.1}% 81
\BOOKMARK [2][-]{subsection.5.1.5}{Fault handling}{section.5.1}% 82
\BOOKMARK [2][-]{subsection.5.1.6}{Provisioning}{section.5.1}% 83
\BOOKMARK [0][-]{chapter.6}{Performance Testing Open edX Ironwood Release}{}% 84
\BOOKMARK [1][-]{section.6.1}{Tools used for Performance Testing}{chapter.6}% 85
\BOOKMARK [1][-]{section.6.2}{JMeter Test Scripts}{chapter.6}% 86
\BOOKMARK [1][-]{section.6.3}{Viewing JMeter Test Results using Listeners}{chapter.6}% 87
\BOOKMARK [1][-]{section.6.4}{Test Scenario}{chapter.6}% 88
\BOOKMARK [1][-]{section.6.5}{Testing Open edX Native Installation}{chapter.6}% 89
\BOOKMARK [2][-]{subsection.6.5.1}{System Configurations}{section.6.5}% 90
\BOOKMARK [2][-]{subsection.6.5.2}{Load Generator System Details}{section.6.5}% 91
\BOOKMARK [2][-]{subsection.6.5.3}{Server Configuration}{section.6.5}% 92
\BOOKMARK [2][-]{subsection.6.5.4}{Test Details}{section.6.5}% 93
\BOOKMARK [2][-]{subsection.6.5.5}{Test Results}{section.6.5}% 94
\BOOKMARK [1][-]{section.6.6}{Testing Open edX Developer Stack \(Devstack\)}{chapter.6}% 95
\BOOKMARK [2][-]{subsection.6.6.1}{System Configurations}{section.6.6}% 96
\BOOKMARK [2][-]{subsection.6.6.2}{Load Generator System Details}{section.6.6}% 97
\BOOKMARK [2][-]{subsection.6.6.3}{Server Configuration}{section.6.6}% 98
\BOOKMARK [2][-]{subsection.6.6.4}{Test Details}{section.6.6}% 99
\BOOKMARK [2][-]{subsection.6.6.5}{Test Results}{section.6.6}% 100
\BOOKMARK [1][-]{section.6.7}{Test Results}{chapter.6}% 101
